2022-08-14 01:15:43.294[INFO][com.java.blog.BlogApplication][logStarting][55] Starting BlogApplication using Java 10.0.2 on DESKTOP-A2HVF7G with PID 18384 (D:\javaProject\blog\target\classes started by Administrator in D:\javaProject\blog)
2022-08-14 01:15:43.295[DEBUG][com.java.blog.BlogApplication][logStarting][56] Running with Spring Boot v2.7.2, Spring v5.3.22
2022-08-14 01:15:43.295[INFO][com.java.blog.BlogApplication][logStartupProfileInfo][640] The following 1 profile is active: "dev"
2022-08-14 01:15:43.420[INFO][org.springframework.boot.devtools.env.DevToolsPropertyDefaultsPostProcessor][logTo][255] Devtools property defaults active! Set 'spring.devtools.add-properties' to 'false' to disable
2022-08-14 01:15:43.422[INFO][org.springframework.boot.devtools.env.DevToolsPropertyDefaultsPostProcessor][logTo][255] For additional web related logging consider setting the 'logging.level.web' property to 'DEBUG'
2022-08-14 01:15:44.955[INFO][org.springframework.data.repository.config.RepositoryConfigurationDelegate][registerRepositoriesIn][132] Bootstrapping Spring Data JPA repositories in DEFAULT mode.
2022-08-14 01:15:45.035[INFO][org.springframework.data.repository.config.RepositoryConfigurationDelegate][registerRepositoriesIn][201] Finished Spring Data repository scanning in 73 ms. Found 5 JPA repository interfaces.
2022-08-14 01:15:45.918[INFO][org.springframework.boot.web.embedded.tomcat.TomcatWebServer][initialize][108] Tomcat initialized with port(s): 8080 (http)
2022-08-14 01:15:45.927[INFO][org.apache.catalina.core.StandardService][log][173] Starting service [Tomcat]
2022-08-14 01:15:45.928[INFO][org.apache.catalina.core.StandardEngine][log][173] Starting Servlet engine: [Apache Tomcat/9.0.65]
2022-08-14 01:15:46.031[INFO][org.apache.catalina.core.ContainerBase.[Tomcat].[localhost].[/]][log][173] Initializing Spring embedded WebApplicationContext
2022-08-14 01:15:46.031[INFO][org.springframework.boot.web.servlet.context.ServletWebServerApplicationContext][prepareWebApplicationContext][292] Root WebApplicationContext: initialization completed in 2607 ms
2022-08-14 01:15:46.299[INFO][org.hibernate.jpa.internal.util.LogHelper][logPersistenceUnitInformation][31] HHH000204: Processing PersistenceUnitInfo [name: default]
2022-08-14 01:15:46.381[INFO][org.hibernate.Version][logVersion][44] HHH000412: Hibernate ORM core version 5.6.10.Final
2022-08-14 01:15:46.568[INFO][org.hibernate.annotations.common.Version][<clinit>][56] HCANN000001: Hibernate Commons Annotations {5.1.2.Final}
2022-08-14 01:15:46.650[INFO][com.zaxxer.hikari.HikariDataSource][getConnection][110] HikariPool-1 - Starting...
2022-08-14 01:15:46.836[INFO][com.zaxxer.hikari.HikariDataSource][getConnection][123] HikariPool-1 - Start completed.
2022-08-14 01:15:46.849[INFO][org.hibernate.dialect.Dialect][<init>][175] HHH000400: Using dialect: org.hibernate.dialect.MySQL55Dialect
2022-08-14 01:15:47.580[INFO][org.hibernate.engine.transaction.jta.platform.internal.JtaPlatformInitiator][initiateService][52] HHH000490: Using JtaPlatform implementation: [org.hibernate.engine.transaction.jta.platform.internal.NoJtaPlatform]
2022-08-14 01:15:47.586[INFO][org.springframework.orm.jpa.LocalContainerEntityManagerFactoryBean][buildNativeEntityManagerFactory][437] Initialized JPA EntityManagerFactory for persistence unit 'default'
2022-08-14 01:15:48.754[INFO][org.springframework.boot.autoconfigure.web.servlet.WelcomePageHandlerMapping][<init>][57] Adding welcome page template: index
2022-08-14 01:15:49.909[INFO][org.springframework.boot.devtools.autoconfigure.OptionalLiveReloadServer][startServer][58] LiveReload server is running on port 35729
2022-08-14 01:15:49.973[INFO][org.springframework.boot.web.embedded.tomcat.TomcatWebServer][start][220] Tomcat started on port(s): 8080 (http) with context path ''
2022-08-14 01:15:49.995[INFO][com.java.blog.BlogApplication][logStarted][61] Started BlogApplication in 7.448 seconds (JVM running for 10.699)
2022-08-14 01:15:54.437[INFO][org.apache.catalina.core.ContainerBase.[Tomcat].[localhost].[/]][log][173] Initializing Spring DispatcherServlet 'dispatcherServlet'
2022-08-14 01:15:54.438[INFO][org.springframework.web.servlet.DispatcherServlet][initServletBean][525] Initializing Servlet 'dispatcherServlet'
2022-08-14 01:15:54.439[INFO][org.springframework.web.servlet.DispatcherServlet][initServletBean][547] Completed initialization in 1 ms
