2022-08-11 00:16:09.655[INFO][com.java.blog.BlogApplication][logStarting][55] Starting BlogApplication using Java 10.0.2 on DESKTOP-A2HVF7G with PID 1192 (D:\javaProject\blog\target\classes started by Administrator in D:\javaProject\blog)
2022-08-11 00:16:09.656[DEBUG][com.java.blog.BlogApplication][logStarting][56] Running with Spring Boot v2.7.2, Spring v5.3.22
2022-08-11 00:16:09.656[INFO][com.java.blog.BlogApplication][logStartupProfileInfo][640] The following 1 profile is active: "dev"
2022-08-11 00:16:09.746[INFO][org.springframework.boot.devtools.env.DevToolsPropertyDefaultsPostProcessor][logTo][255] Devtools property defaults active! Set 'spring.devtools.add-properties' to 'false' to disable
2022-08-11 00:16:09.746[INFO][org.springframework.boot.devtools.env.DevToolsPropertyDefaultsPostProcessor][logTo][255] For additional web related logging consider setting the 'logging.level.web' property to 'DEBUG'
2022-08-11 00:16:10.834[INFO][org.springframework.data.repository.config.RepositoryConfigurationDelegate][registerRepositoriesIn][132] Bootstrapping Spring Data JPA repositories in DEFAULT mode.
2022-08-11 00:16:10.912[INFO][org.springframework.data.repository.config.RepositoryConfigurationDelegate][registerRepositoriesIn][201] Finished Spring Data repository scanning in 69 ms. Found 5 JPA repository interfaces.
2022-08-11 00:16:11.882[INFO][org.springframework.boot.web.embedded.tomcat.TomcatWebServer][initialize][108] Tomcat initialized with port(s): 8080 (http)
2022-08-11 00:16:11.890[INFO][org.apache.catalina.core.StandardService][log][173] Starting service [Tomcat]
2022-08-11 00:16:11.891[INFO][org.apache.catalina.core.StandardEngine][log][173] Starting Servlet engine: [Apache Tomcat/9.0.65]
2022-08-11 00:16:11.996[INFO][org.apache.catalina.core.ContainerBase.[Tomcat].[localhost].[/]][log][173] Initializing Spring embedded WebApplicationContext
2022-08-11 00:16:11.996[INFO][org.springframework.boot.web.servlet.context.ServletWebServerApplicationContext][prepareWebApplicationContext][292] Root WebApplicationContext: initialization completed in 2250 ms
2022-08-11 00:16:12.239[INFO][org.hibernate.jpa.internal.util.LogHelper][logPersistenceUnitInformation][31] HHH000204: Processing PersistenceUnitInfo [name: default]
2022-08-11 00:16:12.309[INFO][org.hibernate.Version][logVersion][44] HHH000412: Hibernate ORM core version 5.6.10.Final
2022-08-11 00:16:12.525[INFO][org.hibernate.annotations.common.Version][<clinit>][56] HCANN000001: Hibernate Commons Annotations {5.1.2.Final}
2022-08-11 00:16:12.609[INFO][com.zaxxer.hikari.HikariDataSource][getConnection][110] HikariPool-1 - Starting...
2022-08-11 00:16:12.778[INFO][com.zaxxer.hikari.HikariDataSource][getConnection][123] HikariPool-1 - Start completed.
2022-08-11 00:16:12.791[INFO][org.hibernate.dialect.Dialect][<init>][175] HHH000400: Using dialect: org.hibernate.dialect.MySQL55Dialect
2022-08-11 00:16:13.502[INFO][org.hibernate.engine.transaction.jta.platform.internal.JtaPlatformInitiator][initiateService][52] HHH000490: Using JtaPlatform implementation: [org.hibernate.engine.transaction.jta.platform.internal.NoJtaPlatform]
2022-08-11 00:16:13.508[INFO][org.springframework.orm.jpa.LocalContainerEntityManagerFactoryBean][buildNativeEntityManagerFactory][437] Initialized JPA EntityManagerFactory for persistence unit 'default'
2022-08-11 00:16:14.720[INFO][org.springframework.boot.autoconfigure.web.servlet.WelcomePageHandlerMapping][<init>][57] Adding welcome page template: index
2022-08-11 00:16:15.234[INFO][org.springframework.boot.devtools.autoconfigure.OptionalLiveReloadServer][startServer][58] LiveReload server is running on port 35729
2022-08-11 00:16:15.308[INFO][org.springframework.boot.web.embedded.tomcat.TomcatWebServer][start][220] Tomcat started on port(s): 8080 (http) with context path ''
2022-08-11 00:16:15.329[INFO][com.java.blog.BlogApplication][logStarted][61] Started BlogApplication in 6.296 seconds (JVM running for 8.766)
2022-08-11 00:16:26.755[INFO][org.apache.catalina.core.ContainerBase.[Tomcat].[localhost].[/]][log][173] Initializing Spring DispatcherServlet 'dispatcherServlet'
2022-08-11 00:16:26.756[INFO][org.springframework.web.servlet.DispatcherServlet][initServletBean][525] Initializing Servlet 'dispatcherServlet'
2022-08-11 00:16:26.757[INFO][org.springframework.web.servlet.DispatcherServlet][initServletBean][547] Completed initialization in 1 ms
2022-08-11 00:16:26.807[INFO][com.java.blog.aspect.LogAspect][doBefore][41] Request : {url='http://localhost:8080/', ip='0:0:0:0:0:0:0:1', classMethod='com.java.blog.web.IndexController.index', args=[Page request [number: 0, size 5, sort: updateTime: DESC], {}]}
2022-08-11 00:16:26.921[WARN][org.hibernate.orm.deprecation][lookupProperty][683] HHH90000016: Found use of deprecated 'collection property' syntax in HQL/JPQL query [t.blogs.size]; use collection function syntax instead [size(t.blogs)].
2022-08-11 00:16:26.943[WARN][org.hibernate.orm.deprecation][lookupProperty][683] HHH90000016: Found use of deprecated 'collection property' syntax in HQL/JPQL query [t.blogs.size]; use collection function syntax instead [size(t.blogs)].
2022-08-11 00:16:26.949[INFO][com.java.blog.aspect.LogAspect][doAfterResult][51] result : index
2022-08-11 00:16:31.545[INFO][com.java.blog.aspect.LogAspect][doBefore][41] Request : {url='http://localhost:8080/', ip='0:0:0:0:0:0:0:1', classMethod='com.java.blog.web.IndexController.index', args=[Page request [number: 0, size 5, sort: updateTime: DESC], {}]}
2022-08-11 00:16:31.566[INFO][com.java.blog.aspect.LogAspect][doAfterResult][51] result : index
