2020-07-21 10:52:56.552[INFO][com.gupaoedu.GpSpringbootDemo02Application][logStarting][50] Starting GpSpringbootDemo02Application on DESKTOP-TBA12IL with PID 11804 (D:\workspace\springboot\gp_springboot_demo02\target\classes started by admin in D:\workspace\springboot\gp_springboot_demo02)
2020-07-21 10:52:56.562[DEBUG][com.gupaoedu.GpSpringbootDemo02Application][logStarting][53] Running with Spring Boot v2.1.15.RELEASE, Spring v5.1.16.RELEASE
2020-07-21 10:52:56.562[INFO][com.gupaoedu.GpSpringbootDemo02Application][logStartupProfileInfo][648] No active profile set, falling back to default profiles: default
2020-07-21 10:52:56.620[DEBUG][org.hibernate.validator.messageinterpolation.ResourceBundleMessageInterpolator][buildExpressionFactory][89] Loaded expression factory via original TCCL
2020-07-21 10:52:56.649[DEBUG][org.hibernate.validator.internal.engine.ValidatorFactoryImpl][logValidatorFactoryScopedConfiguration][587] HV000234: Using org.hibernate.validator.messageinterpolation.ResourceBundleMessageInterpolator as ValidatorFactory-scoped message interpolator.
2020-07-21 10:52:56.650[DEBUG][org.hibernate.validator.internal.engine.ValidatorFactoryImpl][logValidatorFactoryScopedConfiguration][588] HV000234: Using org.hibernate.validator.internal.engine.resolver.TraverseAllTraversableResolver as ValidatorFactory-scoped traversable resolver.
2020-07-21 10:52:56.650[DEBUG][org.hibernate.validator.internal.engine.ValidatorFactoryImpl][logValidatorFactoryScopedConfiguration][589] HV000234: Using org.hibernate.validator.internal.util.ExecutableParameterNameProvider as ValidatorFactory-scoped parameter name provider.
2020-07-21 10:52:56.650[DEBUG][org.hibernate.validator.internal.engine.ValidatorFactoryImpl][logValidatorFactoryScopedConfiguration][590] HV000234: Using org.hibernate.validator.internal.engine.DefaultClockProvider as ValidatorFactory-scoped clock provider.
2020-07-21 10:52:56.650[DEBUG][org.hibernate.validator.internal.engine.ValidatorFactoryImpl][logValidatorFactoryScopedConfiguration][591] HV000234: Using org.hibernate.validator.internal.engine.scripting.DefaultScriptEvaluatorFactory as ValidatorFactory-scoped script evaluator factory.
2020-07-21 10:52:57.945[DEBUG][org.hibernate.validator.internal.engine.resolver.TraversableResolvers][getDefault][60] Cannot find javax.persistence.Persistence on classpath. Assuming non JPA 2 environment. All properties will per default be traversable.
2020-07-21 10:52:57.946[DEBUG][org.hibernate.validator.messageinterpolation.ResourceBundleMessageInterpolator][buildExpressionFactory][89] Loaded expression factory via original TCCL
2020-07-21 10:52:57.950[DEBUG][org.hibernate.validator.internal.engine.resolver.TraversableResolvers][getDefault][60] Cannot find javax.persistence.Persistence on classpath. Assuming non JPA 2 environment. All properties will per default be traversable.
2020-07-21 10:52:57.951[DEBUG][org.hibernate.validator.internal.engine.ConfigurationImpl][messageInterpolator][150] Setting custom MessageInterpolator of type org.springframework.validation.beanvalidation.LocaleContextMessageInterpolator
2020-07-21 10:52:57.952[DEBUG][org.hibernate.validator.internal.engine.ConfigurationImpl][constraintValidatorFactory][182] Setting custom ConstraintValidatorFactory of type org.springframework.validation.beanvalidation.SpringConstraintValidatorFactory
2020-07-21 10:52:57.954[DEBUG][org.hibernate.validator.internal.engine.ConfigurationImpl][parameterNameProvider][196] Setting custom ParameterNameProvider of type org.springframework.validation.beanvalidation.LocalValidatorFactoryBean$1
2020-07-21 10:52:57.958[DEBUG][org.hibernate.validator.internal.xml.config.ValidationXmlParser][getValidationXmlInputStream][120] Trying to load META-INF/validation.xml for XML based Validator configuration.
2020-07-21 10:52:57.958[DEBUG][org.hibernate.validator.internal.xml.config.ResourceLoaderHelper][getResettableInputStreamForPath][53] Trying to load META-INF/validation.xml via user class loader
2020-07-21 10:52:57.958[DEBUG][org.hibernate.validator.internal.xml.config.ResourceLoaderHelper][getResettableInputStreamForPath][60] Trying to load META-INF/validation.xml via TCCL
2020-07-21 10:52:57.959[DEBUG][org.hibernate.validator.internal.xml.config.ResourceLoaderHelper][getResettableInputStreamForPath][66] Trying to load META-INF/validation.xml via Hibernate Validator's class loader
2020-07-21 10:52:57.959[DEBUG][org.hibernate.validator.internal.xml.config.ValidationXmlParser][getValidationXmlInputStream][127] No META-INF/validation.xml found. Using annotation based configuration only.
2020-07-21 10:52:57.964[DEBUG][org.hibernate.validator.internal.engine.ValidatorFactoryImpl][logValidatorFactoryScopedConfiguration][587] HV000234: Using org.springframework.validation.beanvalidation.LocaleContextMessageInterpolator as ValidatorFactory-scoped message interpolator.
2020-07-21 10:52:57.965[DEBUG][org.hibernate.validator.internal.engine.ValidatorFactoryImpl][logValidatorFactoryScopedConfiguration][588] HV000234: Using org.hibernate.validator.internal.engine.resolver.TraverseAllTraversableResolver as ValidatorFactory-scoped traversable resolver.
2020-07-21 10:52:57.965[DEBUG][org.hibernate.validator.internal.engine.ValidatorFactoryImpl][logValidatorFactoryScopedConfiguration][589] HV000234: Using org.hibernate.validator.internal.util.ExecutableParameterNameProvider as ValidatorFactory-scoped parameter name provider.
2020-07-21 10:52:57.965[DEBUG][org.hibernate.validator.internal.engine.ValidatorFactoryImpl][logValidatorFactoryScopedConfiguration][590] HV000234: Using org.hibernate.validator.internal.engine.DefaultClockProvider as ValidatorFactory-scoped clock provider.
2020-07-21 10:52:57.965[DEBUG][org.hibernate.validator.internal.engine.ValidatorFactoryImpl][logValidatorFactoryScopedConfiguration][591] HV000234: Using org.hibernate.validator.internal.engine.scripting.DefaultScriptEvaluatorFactory as ValidatorFactory-scoped script evaluator factory.
2020-07-21 10:52:58.248[INFO][com.gupaoedu.GpSpringbootDemo02Application][logStarted][59] Started GpSpringbootDemo02Application in 1.978 seconds (JVM running for 2.632)
2020-07-21 10:55:13.918[DEBUG][org.hibernate.validator.messageinterpolation.ResourceBundleMessageInterpolator][buildExpressionFactory][89] Loaded expression factory via original TCCL
2020-07-21 10:55:13.929[DEBUG][org.hibernate.validator.internal.engine.ValidatorFactoryImpl][logValidatorFactoryScopedConfiguration][587] HV000234: Using org.hibernate.validator.messageinterpolation.ResourceBundleMessageInterpolator as ValidatorFactory-scoped message interpolator.
2020-07-21 10:55:13.929[DEBUG][org.hibernate.validator.internal.engine.ValidatorFactoryImpl][logValidatorFactoryScopedConfiguration][588] HV000234: Using org.hibernate.validator.internal.engine.resolver.TraverseAllTraversableResolver as ValidatorFactory-scoped traversable resolver.
2020-07-21 10:55:13.936[DEBUG][org.hibernate.validator.internal.engine.ValidatorFactoryImpl][logValidatorFactoryScopedConfiguration][589] HV000234: Using org.hibernate.validator.internal.util.ExecutableParameterNameProvider as ValidatorFactory-scoped parameter name provider.
2020-07-21 10:55:13.937[DEBUG][org.hibernate.validator.internal.engine.ValidatorFactoryImpl][logValidatorFactoryScopedConfiguration][590] HV000234: Using org.hibernate.validator.internal.engine.DefaultClockProvider as ValidatorFactory-scoped clock provider.
2020-07-21 10:55:13.938[DEBUG][org.hibernate.validator.internal.engine.ValidatorFactoryImpl][logValidatorFactoryScopedConfiguration][591] HV000234: Using org.hibernate.validator.internal.engine.scripting.DefaultScriptEvaluatorFactory as ValidatorFactory-scoped script evaluator factory.
2020-07-21 10:55:13.964[INFO][com.gupaoedu.GpSpringbootDemo02Application][logStarting][50] Starting GpSpringbootDemo02Application on DESKTOP-TBA12IL with PID 12316 (D:\workspace\springboot\gp_springboot_demo02\target\classes started by admin in D:\workspace\springboot\gp_springboot_demo02)
2020-07-21 10:55:13.965[DEBUG][com.gupaoedu.GpSpringbootDemo02Application][logStarting][53] Running with Spring Boot v2.1.15.RELEASE, Spring v5.1.16.RELEASE
2020-07-21 10:55:13.965[INFO][com.gupaoedu.GpSpringbootDemo02Application][logStartupProfileInfo][652] The following profiles are active: dev
2020-07-21 10:55:15.034[DEBUG][org.hibernate.validator.internal.engine.resolver.TraversableResolvers][getDefault][60] Cannot find javax.persistence.Persistence on classpath. Assuming non JPA 2 environment. All properties will per default be traversable.
2020-07-21 10:55:15.034[DEBUG][org.hibernate.validator.messageinterpolation.ResourceBundleMessageInterpolator][buildExpressionFactory][89] Loaded expression factory via original TCCL
2020-07-21 10:55:15.037[DEBUG][org.hibernate.validator.internal.engine.resolver.TraversableResolvers][getDefault][60] Cannot find javax.persistence.Persistence on classpath. Assuming non JPA 2 environment. All properties will per default be traversable.
2020-07-21 10:55:15.038[DEBUG][org.hibernate.validator.internal.engine.ConfigurationImpl][messageInterpolator][150] Setting custom MessageInterpolator of type org.springframework.validation.beanvalidation.LocaleContextMessageInterpolator
2020-07-21 10:55:15.038[DEBUG][org.hibernate.validator.internal.engine.ConfigurationImpl][constraintValidatorFactory][182] Setting custom ConstraintValidatorFactory of type org.springframework.validation.beanvalidation.SpringConstraintValidatorFactory
2020-07-21 10:55:15.039[DEBUG][org.hibernate.validator.internal.engine.ConfigurationImpl][parameterNameProvider][196] Setting custom ParameterNameProvider of type org.springframework.validation.beanvalidation.LocalValidatorFactoryBean$1
2020-07-21 10:55:15.041[DEBUG][org.hibernate.validator.internal.xml.config.ValidationXmlParser][getValidationXmlInputStream][120] Trying to load META-INF/validation.xml for XML based Validator configuration.
2020-07-21 10:55:15.042[DEBUG][org.hibernate.validator.internal.xml.config.ResourceLoaderHelper][getResettableInputStreamForPath][53] Trying to load META-INF/validation.xml via user class loader
2020-07-21 10:55:15.042[DEBUG][org.hibernate.validator.internal.xml.config.ResourceLoaderHelper][getResettableInputStreamForPath][60] Trying to load META-INF/validation.xml via TCCL
2020-07-21 10:55:15.043[DEBUG][org.hibernate.validator.internal.xml.config.ResourceLoaderHelper][getResettableInputStreamForPath][66] Trying to load META-INF/validation.xml via Hibernate Validator's class loader
2020-07-21 10:55:15.043[DEBUG][org.hibernate.validator.internal.xml.config.ValidationXmlParser][getValidationXmlInputStream][127] No META-INF/validation.xml found. Using annotation based configuration only.
2020-07-21 10:55:15.046[DEBUG][org.hibernate.validator.internal.engine.ValidatorFactoryImpl][logValidatorFactoryScopedConfiguration][587] HV000234: Using org.springframework.validation.beanvalidation.LocaleContextMessageInterpolator as ValidatorFactory-scoped message interpolator.
2020-07-21 10:55:15.047[DEBUG][org.hibernate.validator.internal.engine.ValidatorFactoryImpl][logValidatorFactoryScopedConfiguration][588] HV000234: Using org.hibernate.validator.internal.engine.resolver.TraverseAllTraversableResolver as ValidatorFactory-scoped traversable resolver.
2020-07-21 10:55:15.047[DEBUG][org.hibernate.validator.internal.engine.ValidatorFactoryImpl][logValidatorFactoryScopedConfiguration][589] HV000234: Using org.hibernate.validator.internal.util.ExecutableParameterNameProvider as ValidatorFactory-scoped parameter name provider.
2020-07-21 10:55:15.047[DEBUG][org.hibernate.validator.internal.engine.ValidatorFactoryImpl][logValidatorFactoryScopedConfiguration][590] HV000234: Using org.hibernate.validator.internal.engine.DefaultClockProvider as ValidatorFactory-scoped clock provider.
2020-07-21 10:55:15.047[DEBUG][org.hibernate.validator.internal.engine.ValidatorFactoryImpl][logValidatorFactoryScopedConfiguration][591] HV000234: Using org.hibernate.validator.internal.engine.scripting.DefaultScriptEvaluatorFactory as ValidatorFactory-scoped script evaluator factory.
2020-07-21 10:55:15.277[INFO][com.gupaoedu.GpSpringbootDemo02Application][logStarted][59] Started GpSpringbootDemo02Application in 1.703 seconds (JVM running for 2.344)
2020-07-21 10:55:33.750[DEBUG][org.hibernate.validator.messageinterpolation.ResourceBundleMessageInterpolator][buildExpressionFactory][89] Loaded expression factory via original TCCL
2020-07-21 10:55:33.758[DEBUG][org.hibernate.validator.internal.engine.ValidatorFactoryImpl][logValidatorFactoryScopedConfiguration][587] HV000234: Using org.hibernate.validator.messageinterpolation.ResourceBundleMessageInterpolator as ValidatorFactory-scoped message interpolator.
2020-07-21 10:55:33.758[DEBUG][org.hibernate.validator.internal.engine.ValidatorFactoryImpl][logValidatorFactoryScopedConfiguration][588] HV000234: Using org.hibernate.validator.internal.engine.resolver.TraverseAllTraversableResolver as ValidatorFactory-scoped traversable resolver.
2020-07-21 10:55:33.758[DEBUG][org.hibernate.validator.internal.engine.ValidatorFactoryImpl][logValidatorFactoryScopedConfiguration][589] HV000234: Using org.hibernate.validator.internal.util.ExecutableParameterNameProvider as ValidatorFactory-scoped parameter name provider.
2020-07-21 10:55:33.758[DEBUG][org.hibernate.validator.internal.engine.ValidatorFactoryImpl][logValidatorFactoryScopedConfiguration][590] HV000234: Using org.hibernate.validator.internal.engine.DefaultClockProvider as ValidatorFactory-scoped clock provider.
2020-07-21 10:55:33.758[DEBUG][org.hibernate.validator.internal.engine.ValidatorFactoryImpl][logValidatorFactoryScopedConfiguration][591] HV000234: Using org.hibernate.validator.internal.engine.scripting.DefaultScriptEvaluatorFactory as ValidatorFactory-scoped script evaluator factory.
2020-07-21 10:55:33.872[INFO][com.gupaoedu.GpSpringbootDemo02Application][logStarting][50] Starting GpSpringbootDemo02Application on DESKTOP-TBA12IL with PID 14012 (D:\workspace\springboot\gp_springboot_demo02\target\classes started by admin in D:\workspace\springboot\gp_springboot_demo02)
2020-07-21 10:55:33.872[DEBUG][com.gupaoedu.GpSpringbootDemo02Application][logStarting][53] Running with Spring Boot v2.1.15.RELEASE, Spring v5.1.16.RELEASE
2020-07-21 10:55:33.872[INFO][com.gupaoedu.GpSpringbootDemo02Application][logStartupProfileInfo][652] The following profiles are active: prod
2020-07-21 10:55:34.971[DEBUG][org.hibernate.validator.internal.engine.resolver.TraversableResolvers][getDefault][60] Cannot find javax.persistence.Persistence on classpath. Assuming non JPA 2 environment. All properties will per default be traversable.
2020-07-21 10:55:34.972[DEBUG][org.hibernate.validator.messageinterpolation.ResourceBundleMessageInterpolator][buildExpressionFactory][89] Loaded expression factory via original TCCL
2020-07-21 10:55:34.974[DEBUG][org.hibernate.validator.internal.engine.resolver.TraversableResolvers][getDefault][60] Cannot find javax.persistence.Persistence on classpath. Assuming non JPA 2 environment. All properties will per default be traversable.
2020-07-21 10:55:34.974[DEBUG][org.hibernate.validator.internal.engine.ConfigurationImpl][messageInterpolator][150] Setting custom MessageInterpolator of type org.springframework.validation.beanvalidation.LocaleContextMessageInterpolator
2020-07-21 10:55:34.974[DEBUG][org.hibernate.validator.internal.engine.ConfigurationImpl][constraintValidatorFactory][182] Setting custom ConstraintValidatorFactory of type org.springframework.validation.beanvalidation.SpringConstraintValidatorFactory
2020-07-21 10:55:34.975[DEBUG][org.hibernate.validator.internal.engine.ConfigurationImpl][parameterNameProvider][196] Setting custom ParameterNameProvider of type org.springframework.validation.beanvalidation.LocalValidatorFactoryBean$1
2020-07-21 10:55:34.976[DEBUG][org.hibernate.validator.internal.xml.config.ValidationXmlParser][getValidationXmlInputStream][120] Trying to load META-INF/validation.xml for XML based Validator configuration.
2020-07-21 10:55:34.978[DEBUG][org.hibernate.validator.internal.xml.config.ResourceLoaderHelper][getResettableInputStreamForPath][53] Trying to load META-INF/validation.xml via user class loader
2020-07-21 10:55:34.978[DEBUG][org.hibernate.validator.internal.xml.config.ResourceLoaderHelper][getResettableInputStreamForPath][60] Trying to load META-INF/validation.xml via TCCL
2020-07-21 10:55:34.978[DEBUG][org.hibernate.validator.internal.xml.config.ResourceLoaderHelper][getResettableInputStreamForPath][66] Trying to load META-INF/validation.xml via Hibernate Validator's class loader
2020-07-21 10:55:34.979[DEBUG][org.hibernate.validator.internal.xml.config.ValidationXmlParser][getValidationXmlInputStream][127] No META-INF/validation.xml found. Using annotation based configuration only.
2020-07-21 10:55:34.984[DEBUG][org.hibernate.validator.internal.engine.ValidatorFactoryImpl][logValidatorFactoryScopedConfiguration][587] HV000234: Using org.springframework.validation.beanvalidation.LocaleContextMessageInterpolator as ValidatorFactory-scoped message interpolator.
2020-07-21 10:55:34.985[DEBUG][org.hibernate.validator.internal.engine.ValidatorFactoryImpl][logValidatorFactoryScopedConfiguration][588] HV000234: Using org.hibernate.validator.internal.engine.resolver.TraverseAllTraversableResolver as ValidatorFactory-scoped traversable resolver.
2020-07-21 10:55:34.985[DEBUG][org.hibernate.validator.internal.engine.ValidatorFactoryImpl][logValidatorFactoryScopedConfiguration][589] HV000234: Using org.hibernate.validator.internal.util.ExecutableParameterNameProvider as ValidatorFactory-scoped parameter name provider.
2020-07-21 10:55:34.985[DEBUG][org.hibernate.validator.internal.engine.ValidatorFactoryImpl][logValidatorFactoryScopedConfiguration][590] HV000234: Using org.hibernate.validator.internal.engine.DefaultClockProvider as ValidatorFactory-scoped clock provider.
2020-07-21 10:55:34.985[DEBUG][org.hibernate.validator.internal.engine.ValidatorFactoryImpl][logValidatorFactoryScopedConfiguration][591] HV000234: Using org.hibernate.validator.internal.engine.scripting.DefaultScriptEvaluatorFactory as ValidatorFactory-scoped script evaluator factory.
2020-07-21 10:55:35.249[INFO][com.gupaoedu.GpSpringbootDemo02Application][logStarted][59] Started GpSpringbootDemo02Application in 1.912 seconds (JVM running for 2.51)
2020-07-21 14:30:48.358[INFO][com.gupaoedu.GpSpringbootDemo02Application][logStarting][50] Starting GpSpringbootDemo02Application on DESKTOP-TBA12IL with PID 5248 (D:\workspace\springboot\gp_springboot_demo02\target\classes started by admin in D:\workspace\springboot\gp_springboot_demo02)
2020-07-21 14:30:48.362[DEBUG][com.gupaoedu.GpSpringbootDemo02Application][logStarting][53] Running with Spring Boot v2.1.15.RELEASE, Spring v5.1.16.RELEASE
2020-07-21 14:30:48.363[INFO][com.gupaoedu.GpSpringbootDemo02Application][logStartupProfileInfo][652] The following profiles are active: prod
2020-07-21 14:30:48.364[DEBUG][org.hibernate.validator.messageinterpolation.ResourceBundleMessageInterpolator][buildExpressionFactory][89] Loaded expression factory via original TCCL
2020-07-21 14:30:48.372[DEBUG][org.hibernate.validator.internal.engine.ValidatorFactoryImpl][logValidatorFactoryScopedConfiguration][587] HV000234: Using org.hibernate.validator.messageinterpolation.ResourceBundleMessageInterpolator as ValidatorFactory-scoped message interpolator.
2020-07-21 14:30:48.372[DEBUG][org.hibernate.validator.internal.engine.ValidatorFactoryImpl][logValidatorFactoryScopedConfiguration][588] HV000234: Using org.hibernate.validator.internal.engine.resolver.TraverseAllTraversableResolver as ValidatorFactory-scoped traversable resolver.
2020-07-21 14:30:48.372[DEBUG][org.hibernate.validator.internal.engine.ValidatorFactoryImpl][logValidatorFactoryScopedConfiguration][589] HV000234: Using org.hibernate.validator.internal.util.ExecutableParameterNameProvider as ValidatorFactory-scoped parameter name provider.
2020-07-21 14:30:48.373[DEBUG][org.hibernate.validator.internal.engine.ValidatorFactoryImpl][logValidatorFactoryScopedConfiguration][590] HV000234: Using org.hibernate.validator.internal.engine.DefaultClockProvider as ValidatorFactory-scoped clock provider.
2020-07-21 14:30:48.373[DEBUG][org.hibernate.validator.internal.engine.ValidatorFactoryImpl][logValidatorFactoryScopedConfiguration][591] HV000234: Using org.hibernate.validator.internal.engine.scripting.DefaultScriptEvaluatorFactory as ValidatorFactory-scoped script evaluator factory.
2020-07-21 14:30:49.954[DEBUG][org.hibernate.validator.internal.engine.resolver.TraversableResolvers][getDefault][60] Cannot find javax.persistence.Persistence on classpath. Assuming non JPA 2 environment. All properties will per default be traversable.
2020-07-21 14:30:49.954[DEBUG][org.hibernate.validator.messageinterpolation.ResourceBundleMessageInterpolator][buildExpressionFactory][89] Loaded expression factory via original TCCL
2020-07-21 14:30:49.956[DEBUG][org.hibernate.validator.internal.engine.resolver.TraversableResolvers][getDefault][60] Cannot find javax.persistence.Persistence on classpath. Assuming non JPA 2 environment. All properties will per default be traversable.
2020-07-21 14:30:49.957[DEBUG][org.hibernate.validator.internal.engine.ConfigurationImpl][messageInterpolator][150] Setting custom MessageInterpolator of type org.springframework.validation.beanvalidation.LocaleContextMessageInterpolator
2020-07-21 14:30:49.957[DEBUG][org.hibernate.validator.internal.engine.ConfigurationImpl][constraintValidatorFactory][182] Setting custom ConstraintValidatorFactory of type org.springframework.validation.beanvalidation.SpringConstraintValidatorFactory
2020-07-21 14:30:49.957[DEBUG][org.hibernate.validator.internal.engine.ConfigurationImpl][parameterNameProvider][196] Setting custom ParameterNameProvider of type org.springframework.validation.beanvalidation.LocalValidatorFactoryBean$1
2020-07-21 14:30:49.958[DEBUG][org.hibernate.validator.internal.xml.config.ValidationXmlParser][getValidationXmlInputStream][120] Trying to load META-INF/validation.xml for XML based Validator configuration.
2020-07-21 14:30:49.958[DEBUG][org.hibernate.validator.internal.xml.config.ResourceLoaderHelper][getResettableInputStreamForPath][53] Trying to load META-INF/validation.xml via user class loader
2020-07-21 14:30:49.958[DEBUG][org.hibernate.validator.internal.xml.config.ResourceLoaderHelper][getResettableInputStreamForPath][60] Trying to load META-INF/validation.xml via TCCL
2020-07-21 14:30:49.958[DEBUG][org.hibernate.validator.internal.xml.config.ResourceLoaderHelper][getResettableInputStreamForPath][66] Trying to load META-INF/validation.xml via Hibernate Validator's class loader
2020-07-21 14:30:49.959[DEBUG][org.hibernate.validator.internal.xml.config.ValidationXmlParser][getValidationXmlInputStream][127] No META-INF/validation.xml found. Using annotation based configuration only.
2020-07-21 14:30:49.961[DEBUG][org.hibernate.validator.internal.engine.ValidatorFactoryImpl][logValidatorFactoryScopedConfiguration][587] HV000234: Using org.springframework.validation.beanvalidation.LocaleContextMessageInterpolator as ValidatorFactory-scoped message interpolator.
2020-07-21 14:30:49.961[DEBUG][org.hibernate.validator.internal.engine.ValidatorFactoryImpl][logValidatorFactoryScopedConfiguration][588] HV000234: Using org.hibernate.validator.internal.engine.resolver.TraverseAllTraversableResolver as ValidatorFactory-scoped traversable resolver.
2020-07-21 14:30:49.961[DEBUG][org.hibernate.validator.internal.engine.ValidatorFactoryImpl][logValidatorFactoryScopedConfiguration][589] HV000234: Using org.hibernate.validator.internal.util.ExecutableParameterNameProvider as ValidatorFactory-scoped parameter name provider.
2020-07-21 14:30:49.962[DEBUG][org.hibernate.validator.internal.engine.ValidatorFactoryImpl][logValidatorFactoryScopedConfiguration][590] HV000234: Using org.hibernate.validator.internal.engine.DefaultClockProvider as ValidatorFactory-scoped clock provider.
2020-07-21 14:30:49.962[DEBUG][org.hibernate.validator.internal.engine.ValidatorFactoryImpl][logValidatorFactoryScopedConfiguration][591] HV000234: Using org.hibernate.validator.internal.engine.scripting.DefaultScriptEvaluatorFactory as ValidatorFactory-scoped script evaluator factory.
2020-07-21 14:30:50.215[INFO][com.gupaoedu.GpSpringbootDemo02Application][logStarted][59] Started GpSpringbootDemo02Application in 2.266 seconds (JVM running for 3.278)
2020-07-21 14:31:41.176[INFO][com.gupaoedu.GpSpringbootDemo02Application][logStarting][50] Starting GpSpringbootDemo02Application on DESKTOP-TBA12IL with PID 14380 (D:\workspace\springboot\gp_springboot_demo02\target\classes started by admin in D:\workspace\springboot\gp_springboot_demo02)
2020-07-21 14:31:41.178[DEBUG][com.gupaoedu.GpSpringbootDemo02Application][logStarting][53] Running with Spring Boot v2.1.15.RELEASE, Spring v5.1.16.RELEASE
2020-07-21 14:31:41.178[INFO][com.gupaoedu.GpSpringbootDemo02Application][logStartupProfileInfo][652] The following profiles are active: prod
2020-07-21 14:31:41.248[DEBUG][org.hibernate.validator.messageinterpolation.ResourceBundleMessageInterpolator][buildExpressionFactory][89] Loaded expression factory via original TCCL
2020-07-21 14:31:41.256[DEBUG][org.hibernate.validator.internal.engine.ValidatorFactoryImpl][logValidatorFactoryScopedConfiguration][587] HV000234: Using org.hibernate.validator.messageinterpolation.ResourceBundleMessageInterpolator as ValidatorFactory-scoped message interpolator.
2020-07-21 14:31:41.256[DEBUG][org.hibernate.validator.internal.engine.ValidatorFactoryImpl][logValidatorFactoryScopedConfiguration][588] HV000234: Using org.hibernate.validator.internal.engine.resolver.TraverseAllTraversableResolver as ValidatorFactory-scoped traversable resolver.
2020-07-21 14:31:41.256[DEBUG][org.hibernate.validator.internal.engine.ValidatorFactoryImpl][logValidatorFactoryScopedConfiguration][589] HV000234: Using org.hibernate.validator.internal.util.ExecutableParameterNameProvider as ValidatorFactory-scoped parameter name provider.
2020-07-21 14:31:41.256[DEBUG][org.hibernate.validator.internal.engine.ValidatorFactoryImpl][logValidatorFactoryScopedConfiguration][590] HV000234: Using org.hibernate.validator.internal.engine.DefaultClockProvider as ValidatorFactory-scoped clock provider.
2020-07-21 14:31:41.256[DEBUG][org.hibernate.validator.internal.engine.ValidatorFactoryImpl][logValidatorFactoryScopedConfiguration][591] HV000234: Using org.hibernate.validator.internal.engine.scripting.DefaultScriptEvaluatorFactory as ValidatorFactory-scoped script evaluator factory.
2020-07-21 14:31:42.346[DEBUG][org.hibernate.validator.internal.engine.resolver.TraversableResolvers][getDefault][60] Cannot find javax.persistence.Persistence on classpath. Assuming non JPA 2 environment. All properties will per default be traversable.
2020-07-21 14:31:42.346[DEBUG][org.hibernate.validator.messageinterpolation.ResourceBundleMessageInterpolator][buildExpressionFactory][89] Loaded expression factory via original TCCL
2020-07-21 14:31:42.348[DEBUG][org.hibernate.validator.internal.engine.resolver.TraversableResolvers][getDefault][60] Cannot find javax.persistence.Persistence on classpath. Assuming non JPA 2 environment. All properties will per default be traversable.
2020-07-21 14:31:42.348[DEBUG][org.hibernate.validator.internal.engine.ConfigurationImpl][messageInterpolator][150] Setting custom MessageInterpolator of type org.springframework.validation.beanvalidation.LocaleContextMessageInterpolator
2020-07-21 14:31:42.349[DEBUG][org.hibernate.validator.internal.engine.ConfigurationImpl][constraintValidatorFactory][182] Setting custom ConstraintValidatorFactory of type org.springframework.validation.beanvalidation.SpringConstraintValidatorFactory
2020-07-21 14:31:42.349[DEBUG][org.hibernate.validator.internal.engine.ConfigurationImpl][parameterNameProvider][196] Setting custom ParameterNameProvider of type org.springframework.validation.beanvalidation.LocalValidatorFactoryBean$1
2020-07-21 14:31:42.350[DEBUG][org.hibernate.validator.internal.xml.config.ValidationXmlParser][getValidationXmlInputStream][120] Trying to load META-INF/validation.xml for XML based Validator configuration.
2020-07-21 14:31:42.351[DEBUG][org.hibernate.validator.internal.xml.config.ResourceLoaderHelper][getResettableInputStreamForPath][53] Trying to load META-INF/validation.xml via user class loader
2020-07-21 14:31:42.351[DEBUG][org.hibernate.validator.internal.xml.config.ResourceLoaderHelper][getResettableInputStreamForPath][60] Trying to load META-INF/validation.xml via TCCL
2020-07-21 14:31:42.351[DEBUG][org.hibernate.validator.internal.xml.config.ResourceLoaderHelper][getResettableInputStreamForPath][66] Trying to load META-INF/validation.xml via Hibernate Validator's class loader
2020-07-21 14:31:42.351[DEBUG][org.hibernate.validator.internal.xml.config.ValidationXmlParser][getValidationXmlInputStream][127] No META-INF/validation.xml found. Using annotation based configuration only.
2020-07-21 14:31:42.355[DEBUG][org.hibernate.validator.internal.engine.ValidatorFactoryImpl][logValidatorFactoryScopedConfiguration][587] HV000234: Using org.springframework.validation.beanvalidation.LocaleContextMessageInterpolator as ValidatorFactory-scoped message interpolator.
2020-07-21 14:31:42.355[DEBUG][org.hibernate.validator.internal.engine.ValidatorFactoryImpl][logValidatorFactoryScopedConfiguration][588] HV000234: Using org.hibernate.validator.internal.engine.resolver.TraverseAllTraversableResolver as ValidatorFactory-scoped traversable resolver.
2020-07-21 14:31:42.355[DEBUG][org.hibernate.validator.internal.engine.ValidatorFactoryImpl][logValidatorFactoryScopedConfiguration][589] HV000234: Using org.hibernate.validator.internal.util.ExecutableParameterNameProvider as ValidatorFactory-scoped parameter name provider.
2020-07-21 14:31:42.356[DEBUG][org.hibernate.validator.internal.engine.ValidatorFactoryImpl][logValidatorFactoryScopedConfiguration][590] HV000234: Using org.hibernate.validator.internal.engine.DefaultClockProvider as ValidatorFactory-scoped clock provider.
2020-07-21 14:31:42.356[DEBUG][org.hibernate.validator.internal.engine.ValidatorFactoryImpl][logValidatorFactoryScopedConfiguration][591] HV000234: Using org.hibernate.validator.internal.engine.scripting.DefaultScriptEvaluatorFactory as ValidatorFactory-scoped script evaluator factory.
2020-07-21 14:31:42.630[INFO][com.gupaoedu.GpSpringbootDemo02Application][logStarted][59] Started GpSpringbootDemo02Application in 1.923 seconds (JVM running for 2.705)
2020-07-21 14:35:57.872[INFO][com.gupaoedu.GpSpringbootDemo02Application][logStarting][50] Starting GpSpringbootDemo02Application on DESKTOP-TBA12IL with PID 14236 (D:\workspace\springboot\gp_springboot_demo02\target\classes started by admin in D:\workspace\springboot\gp_springboot_demo02)
2020-07-21 14:35:57.874[DEBUG][com.gupaoedu.GpSpringbootDemo02Application][logStarting][53] Running with Spring Boot v2.1.15.RELEASE, Spring v5.1.16.RELEASE
2020-07-21 14:35:57.875[INFO][com.gupaoedu.GpSpringbootDemo02Application][logStartupProfileInfo][652] The following profiles are active: prod
2020-07-21 14:35:57.924[DEBUG][org.hibernate.validator.messageinterpolation.ResourceBundleMessageInterpolator][buildExpressionFactory][89] Loaded expression factory via original TCCL
2020-07-21 14:35:57.932[DEBUG][org.hibernate.validator.internal.engine.ValidatorFactoryImpl][logValidatorFactoryScopedConfiguration][587] HV000234: Using org.hibernate.validator.messageinterpolation.ResourceBundleMessageInterpolator as ValidatorFactory-scoped message interpolator.
2020-07-21 14:35:57.932[DEBUG][org.hibernate.validator.internal.engine.ValidatorFactoryImpl][logValidatorFactoryScopedConfiguration][588] HV000234: Using org.hibernate.validator.internal.engine.resolver.TraverseAllTraversableResolver as ValidatorFactory-scoped traversable resolver.
2020-07-21 14:35:57.933[DEBUG][org.hibernate.validator.internal.engine.ValidatorFactoryImpl][logValidatorFactoryScopedConfiguration][589] HV000234: Using org.hibernate.validator.internal.util.ExecutableParameterNameProvider as ValidatorFactory-scoped parameter name provider.
2020-07-21 14:35:57.933[DEBUG][org.hibernate.validator.internal.engine.ValidatorFactoryImpl][logValidatorFactoryScopedConfiguration][590] HV000234: Using org.hibernate.validator.internal.engine.DefaultClockProvider as ValidatorFactory-scoped clock provider.
2020-07-21 14:35:57.933[DEBUG][org.hibernate.validator.internal.engine.ValidatorFactoryImpl][logValidatorFactoryScopedConfiguration][591] HV000234: Using org.hibernate.validator.internal.engine.scripting.DefaultScriptEvaluatorFactory as ValidatorFactory-scoped script evaluator factory.
2020-07-21 14:35:59.001[DEBUG][org.hibernate.validator.internal.engine.resolver.TraversableResolvers][getDefault][60] Cannot find javax.persistence.Persistence on classpath. Assuming non JPA 2 environment. All properties will per default be traversable.
2020-07-21 14:35:59.001[DEBUG][org.hibernate.validator.messageinterpolation.ResourceBundleMessageInterpolator][buildExpressionFactory][89] Loaded expression factory via original TCCL
2020-07-21 14:35:59.003[DEBUG][org.hibernate.validator.internal.engine.resolver.TraversableResolvers][getDefault][60] Cannot find javax.persistence.Persistence on classpath. Assuming non JPA 2 environment. All properties will per default be traversable.
2020-07-21 14:35:59.004[DEBUG][org.hibernate.validator.internal.engine.ConfigurationImpl][messageInterpolator][150] Setting custom MessageInterpolator of type org.springframework.validation.beanvalidation.LocaleContextMessageInterpolator
2020-07-21 14:35:59.004[DEBUG][org.hibernate.validator.internal.engine.ConfigurationImpl][constraintValidatorFactory][182] Setting custom ConstraintValidatorFactory of type org.springframework.validation.beanvalidation.SpringConstraintValidatorFactory
2020-07-21 14:35:59.005[DEBUG][org.hibernate.validator.internal.engine.ConfigurationImpl][parameterNameProvider][196] Setting custom ParameterNameProvider of type org.springframework.validation.beanvalidation.LocalValidatorFactoryBean$1
2020-07-21 14:35:59.005[DEBUG][org.hibernate.validator.internal.xml.config.ValidationXmlParser][getValidationXmlInputStream][120] Trying to load META-INF/validation.xml for XML based Validator configuration.
2020-07-21 14:35:59.005[DEBUG][org.hibernate.validator.internal.xml.config.ResourceLoaderHelper][getResettableInputStreamForPath][53] Trying to load META-INF/validation.xml via user class loader
2020-07-21 14:35:59.006[DEBUG][org.hibernate.validator.internal.xml.config.ResourceLoaderHelper][getResettableInputStreamForPath][60] Trying to load META-INF/validation.xml via TCCL
2020-07-21 14:35:59.006[DEBUG][org.hibernate.validator.internal.xml.config.ResourceLoaderHelper][getResettableInputStreamForPath][66] Trying to load META-INF/validation.xml via Hibernate Validator's class loader
2020-07-21 14:35:59.006[DEBUG][org.hibernate.validator.internal.xml.config.ValidationXmlParser][getValidationXmlInputStream][127] No META-INF/validation.xml found. Using annotation based configuration only.
2020-07-21 14:35:59.011[DEBUG][org.hibernate.validator.internal.engine.ValidatorFactoryImpl][logValidatorFactoryScopedConfiguration][587] HV000234: Using org.springframework.validation.beanvalidation.LocaleContextMessageInterpolator as ValidatorFactory-scoped message interpolator.
2020-07-21 14:35:59.011[DEBUG][org.hibernate.validator.internal.engine.ValidatorFactoryImpl][logValidatorFactoryScopedConfiguration][588] HV000234: Using org.hibernate.validator.internal.engine.resolver.TraverseAllTraversableResolver as ValidatorFactory-scoped traversable resolver.
2020-07-21 14:35:59.011[DEBUG][org.hibernate.validator.internal.engine.ValidatorFactoryImpl][logValidatorFactoryScopedConfiguration][589] HV000234: Using org.hibernate.validator.internal.util.ExecutableParameterNameProvider as ValidatorFactory-scoped parameter name provider.
2020-07-21 14:35:59.011[DEBUG][org.hibernate.validator.internal.engine.ValidatorFactoryImpl][logValidatorFactoryScopedConfiguration][590] HV000234: Using org.hibernate.validator.internal.engine.DefaultClockProvider as ValidatorFactory-scoped clock provider.
2020-07-21 14:35:59.012[DEBUG][org.hibernate.validator.internal.engine.ValidatorFactoryImpl][logValidatorFactoryScopedConfiguration][591] HV000234: Using org.hibernate.validator.internal.engine.scripting.DefaultScriptEvaluatorFactory as ValidatorFactory-scoped script evaluator factory.
2020-07-21 14:35:59.273[INFO][com.gupaoedu.GpSpringbootDemo02Application][logStarted][59] Started GpSpringbootDemo02Application in 1.754 seconds (JVM running for 2.471)
2020-07-21 14:43:04.605[INFO][com.gupaoedu.GpSpringbootDemo02Application][logStarting][50] Starting GpSpringbootDemo02Application on DESKTOP-TBA12IL with PID 15972 (D:\workspace\springboot\gp_springboot_demo02\target\classes started by admin in D:\workspace\springboot\gp_springboot_demo02)
2020-07-21 14:43:04.609[DEBUG][com.gupaoedu.GpSpringbootDemo02Application][logStarting][53] Running with Spring Boot v2.1.15.RELEASE, Spring v5.1.16.RELEASE
2020-07-21 14:43:04.609[INFO][com.gupaoedu.GpSpringbootDemo02Application][logStartupProfileInfo][652] The following profiles are active: prod
2020-07-21 14:43:04.616[DEBUG][org.hibernate.validator.messageinterpolation.ResourceBundleMessageInterpolator][buildExpressionFactory][89] Loaded expression factory via original TCCL
2020-07-21 14:43:04.622[DEBUG][org.hibernate.validator.internal.engine.ValidatorFactoryImpl][logValidatorFactoryScopedConfiguration][587] HV000234: Using org.hibernate.validator.messageinterpolation.ResourceBundleMessageInterpolator as ValidatorFactory-scoped message interpolator.
2020-07-21 14:43:04.622[DEBUG][org.hibernate.validator.internal.engine.ValidatorFactoryImpl][logValidatorFactoryScopedConfiguration][588] HV000234: Using org.hibernate.validator.internal.engine.resolver.TraverseAllTraversableResolver as ValidatorFactory-scoped traversable resolver.
2020-07-21 14:43:04.622[DEBUG][org.hibernate.validator.internal.engine.ValidatorFactoryImpl][logValidatorFactoryScopedConfiguration][589] HV000234: Using org.hibernate.validator.internal.util.ExecutableParameterNameProvider as ValidatorFactory-scoped parameter name provider.
2020-07-21 14:43:04.622[DEBUG][org.hibernate.validator.internal.engine.ValidatorFactoryImpl][logValidatorFactoryScopedConfiguration][590] HV000234: Using org.hibernate.validator.internal.engine.DefaultClockProvider as ValidatorFactory-scoped clock provider.
2020-07-21 14:43:04.622[DEBUG][org.hibernate.validator.internal.engine.ValidatorFactoryImpl][logValidatorFactoryScopedConfiguration][591] HV000234: Using org.hibernate.validator.internal.engine.scripting.DefaultScriptEvaluatorFactory as ValidatorFactory-scoped script evaluator factory.
2020-07-21 14:43:05.723[DEBUG][org.hibernate.validator.internal.engine.resolver.TraversableResolvers][getDefault][60] Cannot find javax.persistence.Persistence on classpath. Assuming non JPA 2 environment. All properties will per default be traversable.
2020-07-21 14:43:05.724[DEBUG][org.hibernate.validator.messageinterpolation.ResourceBundleMessageInterpolator][buildExpressionFactory][89] Loaded expression factory via original TCCL
2020-07-21 14:43:05.726[DEBUG][org.hibernate.validator.internal.engine.resolver.TraversableResolvers][getDefault][60] Cannot find javax.persistence.Persistence on classpath. Assuming non JPA 2 environment. All properties will per default be traversable.
2020-07-21 14:43:05.727[DEBUG][org.hibernate.validator.internal.engine.ConfigurationImpl][messageInterpolator][150] Setting custom MessageInterpolator of type org.springframework.validation.beanvalidation.LocaleContextMessageInterpolator
2020-07-21 14:43:05.727[DEBUG][org.hibernate.validator.internal.engine.ConfigurationImpl][constraintValidatorFactory][182] Setting custom ConstraintValidatorFactory of type org.springframework.validation.beanvalidation.SpringConstraintValidatorFactory
2020-07-21 14:43:05.727[DEBUG][org.hibernate.validator.internal.engine.ConfigurationImpl][parameterNameProvider][196] Setting custom ParameterNameProvider of type org.springframework.validation.beanvalidation.LocalValidatorFactoryBean$1
2020-07-21 14:43:05.729[DEBUG][org.hibernate.validator.internal.xml.config.ValidationXmlParser][getValidationXmlInputStream][120] Trying to load META-INF/validation.xml for XML based Validator configuration.
2020-07-21 14:43:05.729[DEBUG][org.hibernate.validator.internal.xml.config.ResourceLoaderHelper][getResettableInputStreamForPath][53] Trying to load META-INF/validation.xml via user class loader
2020-07-21 14:43:05.729[DEBUG][org.hibernate.validator.internal.xml.config.ResourceLoaderHelper][getResettableInputStreamForPath][60] Trying to load META-INF/validation.xml via TCCL
2020-07-21 14:43:05.730[DEBUG][org.hibernate.validator.internal.xml.config.ResourceLoaderHelper][getResettableInputStreamForPath][66] Trying to load META-INF/validation.xml via Hibernate Validator's class loader
2020-07-21 14:43:05.730[DEBUG][org.hibernate.validator.internal.xml.config.ValidationXmlParser][getValidationXmlInputStream][127] No META-INF/validation.xml found. Using annotation based configuration only.
2020-07-21 14:43:05.733[DEBUG][org.hibernate.validator.internal.engine.ValidatorFactoryImpl][logValidatorFactoryScopedConfiguration][587] HV000234: Using org.springframework.validation.beanvalidation.LocaleContextMessageInterpolator as ValidatorFactory-scoped message interpolator.
2020-07-21 14:43:05.733[DEBUG][org.hibernate.validator.internal.engine.ValidatorFactoryImpl][logValidatorFactoryScopedConfiguration][588] HV000234: Using org.hibernate.validator.internal.engine.resolver.TraverseAllTraversableResolver as ValidatorFactory-scoped traversable resolver.
2020-07-21 14:43:05.733[DEBUG][org.hibernate.validator.internal.engine.ValidatorFactoryImpl][logValidatorFactoryScopedConfiguration][589] HV000234: Using org.hibernate.validator.internal.util.ExecutableParameterNameProvider as ValidatorFactory-scoped parameter name provider.
2020-07-21 14:43:05.733[DEBUG][org.hibernate.validator.internal.engine.ValidatorFactoryImpl][logValidatorFactoryScopedConfiguration][590] HV000234: Using org.hibernate.validator.internal.engine.DefaultClockProvider as ValidatorFactory-scoped clock provider.
2020-07-21 14:43:05.733[DEBUG][org.hibernate.validator.internal.engine.ValidatorFactoryImpl][logValidatorFactoryScopedConfiguration][591] HV000234: Using org.hibernate.validator.internal.engine.scripting.DefaultScriptEvaluatorFactory as ValidatorFactory-scoped script evaluator factory.
2020-07-21 14:43:05.994[INFO][com.gupaoedu.GpSpringbootDemo02Application][logStarted][59] Started GpSpringbootDemo02Application in 1.726 seconds (JVM running for 2.366)
