2020-07-21 10:48:09.722[DEBUG][org.hibernate.validator.messageinterpolation.ResourceBundleMessageInterpolator][buildExpressionFactory][89] Loaded expression factory via original TCCL
2020-07-21 10:48:09.727[INFO][com.gupaoedu.GpSpringbootDemo02Application][logStarting][50] Starting GpSpringbootDemo02Application on DESKTOP-TBA12IL with PID 12920 (D:\workspace\springboot\gp_springboot_demo02\target\classes started by admin in D:\workspace\springboot\gp_springboot_demo02)
2020-07-21 10:48:09.727[DEBUG][com.gupaoedu.GpSpringbootDemo02Application][logStarting][53] Running with Spring Boot v2.1.15.RELEASE, Spring v5.1.16.RELEASE
2020-07-21 10:48:09.728[INFO][com.gupaoedu.GpSpringbootDemo02Application][logStartupProfileInfo][648] No active profile set, falling back to default profiles: default
2020-07-21 10:48:09.730[DEBUG][org.hibernate.validator.internal.engine.ValidatorFactoryImpl][logValidatorFactoryScopedConfiguration][587] HV000234: Using org.hibernate.validator.messageinterpolation.ResourceBundleMessageInterpolator as ValidatorFactory-scoped message interpolator.
2020-07-21 10:48:09.731[DEBUG][org.hibernate.validator.internal.engine.ValidatorFactoryImpl][logValidatorFactoryScopedConfiguration][588] HV000234: Using org.hibernate.validator.internal.engine.resolver.TraverseAllTraversableResolver as ValidatorFactory-scoped traversable resolver.
2020-07-21 10:48:09.731[DEBUG][org.hibernate.validator.internal.engine.ValidatorFactoryImpl][logValidatorFactoryScopedConfiguration][589] HV000234: Using org.hibernate.validator.internal.util.ExecutableParameterNameProvider as ValidatorFactory-scoped parameter name provider.
2020-07-21 10:48:09.731[DEBUG][org.hibernate.validator.internal.engine.ValidatorFactoryImpl][logValidatorFactoryScopedConfiguration][590] HV000234: Using org.hibernate.validator.internal.engine.DefaultClockProvider as ValidatorFactory-scoped clock provider.
2020-07-21 10:48:09.732[DEBUG][org.hibernate.validator.internal.engine.ValidatorFactoryImpl][logValidatorFactoryScopedConfiguration][591] HV000234: Using org.hibernate.validator.internal.engine.scripting.DefaultScriptEvaluatorFactory as ValidatorFactory-scoped script evaluator factory.
2020-07-21 10:48:10.621[DEBUG][org.hibernate.validator.internal.engine.resolver.TraversableResolvers][getDefault][60] Cannot find javax.persistence.Persistence on classpath. Assuming non JPA 2 environment. All properties will per default be traversable.
2020-07-21 10:48:10.622[DEBUG][org.hibernate.validator.messageinterpolation.ResourceBundleMessageInterpolator][buildExpressionFactory][89] Loaded expression factory via original TCCL
2020-07-21 10:48:10.624[DEBUG][org.hibernate.validator.internal.engine.resolver.TraversableResolvers][getDefault][60] Cannot find javax.persistence.Persistence on classpath. Assuming non JPA 2 environment. All properties will per default be traversable.
2020-07-21 10:48:10.624[DEBUG][org.hibernate.validator.internal.engine.ConfigurationImpl][messageInterpolator][150] Setting custom MessageInterpolator of type org.springframework.validation.beanvalidation.LocaleContextMessageInterpolator
2020-07-21 10:48:10.624[DEBUG][org.hibernate.validator.internal.engine.ConfigurationImpl][constraintValidatorFactory][182] Setting custom ConstraintValidatorFactory of type org.springframework.validation.beanvalidation.SpringConstraintValidatorFactory
2020-07-21 10:48:10.625[DEBUG][org.hibernate.validator.internal.engine.ConfigurationImpl][parameterNameProvider][196] Setting custom ParameterNameProvider of type org.springframework.validation.beanvalidation.LocalValidatorFactoryBean$1
2020-07-21 10:48:10.626[DEBUG][org.hibernate.validator.internal.xml.config.ValidationXmlParser][getValidationXmlInputStream][120] Trying to load META-INF/validation.xml for XML based Validator configuration.
2020-07-21 10:48:10.626[DEBUG][org.hibernate.validator.internal.xml.config.ResourceLoaderHelper][getResettableInputStreamForPath][53] Trying to load META-INF/validation.xml via user class loader
2020-07-21 10:48:10.626[DEBUG][org.hibernate.validator.internal.xml.config.ResourceLoaderHelper][getResettableInputStreamForPath][60] Trying to load META-INF/validation.xml via TCCL
2020-07-21 10:48:10.626[DEBUG][org.hibernate.validator.internal.xml.config.ResourceLoaderHelper][getResettableInputStreamForPath][66] Trying to load META-INF/validation.xml via Hibernate Validator's class loader
2020-07-21 10:48:10.626[DEBUG][org.hibernate.validator.internal.xml.config.ValidationXmlParser][getValidationXmlInputStream][127] No META-INF/validation.xml found. Using annotation based configuration only.
2020-07-21 10:48:10.629[DEBUG][org.hibernate.validator.internal.engine.ValidatorFactoryImpl][logValidatorFactoryScopedConfiguration][587] HV000234: Using org.springframework.validation.beanvalidation.LocaleContextMessageInterpolator as ValidatorFactory-scoped message interpolator.
2020-07-21 10:48:10.629[DEBUG][org.hibernate.validator.internal.engine.ValidatorFactoryImpl][logValidatorFactoryScopedConfiguration][588] HV000234: Using org.hibernate.validator.internal.engine.resolver.TraverseAllTraversableResolver as ValidatorFactory-scoped traversable resolver.
2020-07-21 10:48:10.629[DEBUG][org.hibernate.validator.internal.engine.ValidatorFactoryImpl][logValidatorFactoryScopedConfiguration][589] HV000234: Using org.hibernate.validator.internal.util.ExecutableParameterNameProvider as ValidatorFactory-scoped parameter name provider.
2020-07-21 10:48:10.630[DEBUG][org.hibernate.validator.internal.engine.ValidatorFactoryImpl][logValidatorFactoryScopedConfiguration][590] HV000234: Using org.hibernate.validator.internal.engine.DefaultClockProvider as ValidatorFactory-scoped clock provider.
2020-07-21 10:48:10.630[DEBUG][org.hibernate.validator.internal.engine.ValidatorFactoryImpl][logValidatorFactoryScopedConfiguration][591] HV000234: Using org.hibernate.validator.internal.engine.scripting.DefaultScriptEvaluatorFactory as ValidatorFactory-scoped script evaluator factory.
2020-07-21 10:48:10.870[INFO][com.gupaoedu.GpSpringbootDemo02Application][logStarted][59] Started GpSpringbootDemo02Application in 1.429 seconds (JVM running for 2.159)
2020-07-21 10:48:20.238[INFO][com.gupaoedu.GpSpringbootDemo02Application][logStarting][50] Starting GpSpringbootDemo02Application on DESKTOP-TBA12IL with PID 14040 (D:\workspace\springboot\gp_springboot_demo02\target\classes started by admin in D:\workspace\springboot\gp_springboot_demo02)
2020-07-21 10:48:20.241[INFO][com.gupaoedu.GpSpringbootDemo02Application][logStartupProfileInfo][648] No active profile set, falling back to default profiles: default
2020-07-21 10:48:21.403[INFO][com.gupaoedu.GpSpringbootDemo02Application][logStarted][59] Started GpSpringbootDemo02Application in 1.427 seconds (JVM running for 2.041)
